   1              		.cpu cortex-m4
   2              		.arch armv7e-m
   3              		.fpu fpv4-sp-d16
   4              		.eabi_attribute 27, 1
   5              		.eabi_attribute 20, 1
   6              		.eabi_attribute 21, 1
   7              		.eabi_attribute 23, 3
   8              		.eabi_attribute 24, 1
   9              		.eabi_attribute 25, 1
  10              		.eabi_attribute 26, 1
  11              		.eabi_attribute 30, 6
  12              		.eabi_attribute 34, 1
  13              		.eabi_attribute 18, 4
  14              		.file	"Descriptors.c"
  15              		.text
  16              	.Ltext0:
  17              		.cfi_sections	.debug_frame
  18              		.global	DeviceDescriptor
  19              		.section	.rodata
  20              		.align	2
  23              	DeviceDescriptor:
  24 0000 12       		.byte	18
  25 0001 01       		.byte	1
  26 0002 1001     		.short	272
  27 0004 02       		.byte	2
  28 0005 00       		.byte	0
  29 0006 00       		.byte	0
  30 0007 40       		.byte	64
  31 0008 8B05     		.short	1419
  32 000a 5800     		.short	88
  33 000c 1000     		.short	16
  34 000e 01       		.byte	1
  35 000f 02       		.byte	2
  36 0010 00       		.byte	0
  37 0011 01       		.byte	1
  38              		.global	ConfigurationDescriptor
  39 0012 0000     		.align	2
  42              	ConfigurationDescriptor:
  43 0014 09       		.byte	9
  44 0015 02       		.byte	2
  45 0016 3E00     		.short	62
  46 0018 02       		.byte	2
  47 0019 01       		.byte	1
  48 001a 00       		.byte	0
  49 001b 80       		.byte	-128
  50 001c 32       		.byte	50
  51 001d 09       		.byte	9
  52 001e 04       		.byte	4
  53 001f 00       		.byte	0
  54 0020 00       		.byte	0
  55 0021 01       		.byte	1
  56 0022 02       		.byte	2
  57 0023 02       		.byte	2
  58 0024 01       		.byte	1
  59 0025 00       		.byte	0
  60 0026 05       		.byte	5
  61 0027 24       		.byte	36
  62 0028 00       		.byte	0
  63 0029 1001     		.2byte	272
  64 002b 04       		.byte	4
  65 002c 24       		.byte	36
  66 002d 02       		.byte	2
  67 002e 06       		.byte	6
  68 002f 05       		.byte	5
  69 0030 24       		.byte	36
  70 0031 06       		.byte	6
  71 0032 00       		.byte	0
  72 0033 01       		.byte	1
  73 0034 07       		.byte	7
  74 0035 05       		.byte	5
  75 0036 81       		.byte	-127
  76 0037 03       		.byte	3
  77 0038 0800     		.short	8
  78 003a FF       		.byte	-1
  79 003b 09       		.byte	9
  80 003c 04       		.byte	4
  81 003d 01       		.byte	1
  82 003e 00       		.byte	0
  83 003f 02       		.byte	2
  84 0040 0A       		.byte	10
  85 0041 00       		.byte	0
  86 0042 00       		.byte	0
  87 0043 00       		.byte	0
  88 0044 07       		.byte	7
  89 0045 05       		.byte	5
  90 0046 03       		.byte	3
  91 0047 02       		.byte	2
  92 0048 4000     		.short	64
  93 004a 05       		.byte	5
  94 004b 07       		.byte	7
  95 004c 05       		.byte	5
  96 004d 82       		.byte	-126
  97 004e 02       		.byte	2
  98 004f 4000     		.2byte	64
  99 0051 05       		.byte	5
 100              		.global	LanguageString
 101 0052 0000     		.align	2
 104              	LanguageString:
 105 0054 04       		.byte	4
 106 0055 03       		.byte	3
 107 0056 09040000 		.4byte	1033
 108              		.global	ManufacturerString
 109 005a 0000     		.align	2
 112              	ManufacturerString:
 113 005c 58       		.byte	88
 114 005d 03       		.byte	3
 115 005e 49000000 		.ascii	"I\000\000\000n\000\000\000f\000\000\000i\000\000\000"
 115      6E000000 
 115      66000000 
 115      69000000 
 116 006e 6E000000 		.ascii	"n\000\000\000e\000\000\000o\000\000\000n\000\000\000"
 116      65000000 
 116      6F000000 
 116      6E000000 
 117 007e 20000000 		.ascii	" \000\000\000T\000\000\000e\000\000\000c\000\000\000"
 117      54000000 
 117      65000000 
 117      63000000 
 118 008e 68000000 		.ascii	"h\000\000\000n\000\000\000o\000\000\000l\000\000\000"
 118      6E000000 
 118      6F000000 
 118      6C000000 
 119 009e 6F000000 		.ascii	"o\000\000\000g\000\000\000i\000\000\000e\000\000\000"
 119      67000000 
 119      69000000 
 119      65000000 
 120 00ae 73000000 		.ascii	"s\000\000\000\000\000\000\000"
 120      00000000 
 121              		.global	ProductString
 122 00b6 0000     		.align	2
 125              	ProductString:
 126 00b8 20       		.byte	32
 127 00b9 03       		.byte	3
 128 00ba 49000000 		.ascii	"I\000\000\000F\000\000\000X\000\000\000 \000\000\000"
 128      46000000 
 128      58000000 
 128      20000000 
 129 00ca 43000000 		.ascii	"C\000\000\000D\000\000\000C\000\000\000\000\000\000"
 129      44000000 
 129      43000000 
 129      000000
 130 00d9 00       		.ascii	"\000"
 131              		.section	.text.CALLBACK_USB_GetDescriptor,"ax",%progbits
 132              		.align	1
 133              		.global	CALLBACK_USB_GetDescriptor
 134              		.syntax unified
 135              		.thumb
 136              		.thumb_func
 138              	CALLBACK_USB_GetDescriptor:
 139              	.LFB193:
 140              		.file 1 "Descriptors.c"
   1:Descriptors.c **** /*
   2:Descriptors.c ****              LUFA Library
   3:Descriptors.c ****      Copyright (C) Dean Camera, 2014.
   4:Descriptors.c **** 
   5:Descriptors.c ****   dean [at] fourwalledcubicle [dot] com
   6:Descriptors.c ****            www.lufa-lib.org
   7:Descriptors.c **** */
   8:Descriptors.c **** 
   9:Descriptors.c **** /*
  10:Descriptors.c ****   Copyright 2014  Dean Camera (dean [at] fourwalledcubicle [dot] com)
  11:Descriptors.c **** 
  12:Descriptors.c ****   Permission to use, copy, modify, distribute, and sell this
  13:Descriptors.c ****   software and its documentation for any purpose is hereby granted
  14:Descriptors.c ****   without fee, provided that the above copyright notice appear in
  15:Descriptors.c ****   all copies and that both that the copyright notice and this
  16:Descriptors.c ****   permission notice and warranty disclaimer appear in supporting
  17:Descriptors.c ****   documentation, and that the name of the author not be used in
  18:Descriptors.c ****   advertising or publicity pertaining to distribution of the
  19:Descriptors.c ****   software without specific, written prior permission.
  20:Descriptors.c **** 
  21:Descriptors.c ****   The author disclaims all warranties with regard to this
  22:Descriptors.c ****   software, including all implied warranties of merchantability
  23:Descriptors.c ****   and fitness.  In no event shall the author be liable for any
  24:Descriptors.c ****   special, indirect or consequential damages or any damages
  25:Descriptors.c ****   whatsoever resulting from loss of use, data or profits, whether
  26:Descriptors.c ****   in an action of contract, negligence or other tortious action,
  27:Descriptors.c ****   arising out of or in connection with the use or performance of
  28:Descriptors.c ****   this software.
  29:Descriptors.c **** */
  30:Descriptors.c **** 
  31:Descriptors.c **** /** \file
  32:Descriptors.c ****  *
  33:Descriptors.c ****  *  USB Device Descriptors, for library use when in USB device mode. Descriptors are special
  34:Descriptors.c ****  *  computer-readable structures which the host requests upon device enumeration, to determine
  35:Descriptors.c ****  *  the device's capabilities and functions.
  36:Descriptors.c ****  */
  37:Descriptors.c **** 
  38:Descriptors.c **** #include "Descriptors.h"
  39:Descriptors.c **** 
  40:Descriptors.c **** /** Device descriptor structure. This descriptor, located in FLASH memory, describes the overall
  41:Descriptors.c ****  *  device characteristics, including the supported USB version, control endpoint size and the
  42:Descriptors.c ****  *  number of device configurations. The descriptor is read out by the USB host when the enumeratio
  43:Descriptors.c ****  *  process begins.
  44:Descriptors.c ****  */
  45:Descriptors.c **** const USB_Descriptor_Device_t DeviceDescriptor =
  46:Descriptors.c **** {
  47:Descriptors.c **** 	.Header                 = {.Size = sizeof(USB_Descriptor_Device_t), .Type = DTYPE_Device},
  48:Descriptors.c **** 
  49:Descriptors.c **** 	.USBSpecification       = VERSION_BCD(1,1,0),
  50:Descriptors.c **** 	.Class                  = CDC_CSCP_CDCClass,
  51:Descriptors.c **** 	.SubClass               = CDC_CSCP_NoSpecificSubclass,
  52:Descriptors.c **** 	.Protocol               = CDC_CSCP_NoSpecificProtocol,
  53:Descriptors.c **** 
  54:Descriptors.c **** 	.Endpoint0Size          = 64,
  55:Descriptors.c **** 
  56:Descriptors.c **** 	.VendorID               = 0x058B,
  57:Descriptors.c **** 	.ProductID              = 0x0058,
  58:Descriptors.c **** 	.ReleaseNumber          = VERSION_BCD(0,1,0),
  59:Descriptors.c **** 
  60:Descriptors.c **** 	.ManufacturerStrIndex   = STRING_ID_Manufacturer,
  61:Descriptors.c **** 	.ProductStrIndex        = STRING_ID_Product,
  62:Descriptors.c **** 	.SerialNumStrIndex      = USE_INTERNAL_SERIAL,
  63:Descriptors.c **** 
  64:Descriptors.c **** 	.NumberOfConfigurations = 1
  65:Descriptors.c **** };
  66:Descriptors.c **** 
  67:Descriptors.c **** /** Configuration descriptor structure. This descriptor, located in FLASH memory, describes the usa
  68:Descriptors.c ****  *  of the device in one of its supported configurations, including information about any device in
  69:Descriptors.c ****  *  and endpoints. The descriptor is read out by the USB host during the enumeration process when s
  70:Descriptors.c ****  *  a configuration so that the host may correctly communicate with the USB device.
  71:Descriptors.c ****  */
  72:Descriptors.c **** const USB_Descriptor_Configuration_t ConfigurationDescriptor =
  73:Descriptors.c **** {
  74:Descriptors.c **** 	.Config =
  75:Descriptors.c **** 		{
  76:Descriptors.c **** 			.Header                 = {.Size = sizeof(USB_Descriptor_Configuration_Header_t), .Type = DTYPE_
  77:Descriptors.c **** 
  78:Descriptors.c **** 			.TotalConfigurationSize = sizeof(USB_Descriptor_Configuration_t),
  79:Descriptors.c **** 			.TotalInterfaces        = 2,
  80:Descriptors.c **** 
  81:Descriptors.c **** 			.ConfigurationNumber    = 1,
  82:Descriptors.c **** 			.ConfigurationStrIndex  = NO_DESCRIPTOR,
  83:Descriptors.c **** 
  84:Descriptors.c **** 			.ConfigAttributes       = USB_CONFIG_ATTR_RESERVED,
  85:Descriptors.c **** 
  86:Descriptors.c **** 			.MaxPowerConsumption    = USB_CONFIG_POWER_MA(100)
  87:Descriptors.c **** 		},
  88:Descriptors.c **** 
  89:Descriptors.c **** 	.CDC_CCI_Interface =
  90:Descriptors.c **** 		{
  91:Descriptors.c **** 			.Header                 = {.Size = sizeof(USB_Descriptor_Interface_t), .Type = DTYPE_Interface},
  92:Descriptors.c **** 
  93:Descriptors.c **** 			.InterfaceNumber        = INTERFACE_ID_CDC_CCI,
  94:Descriptors.c **** 			.AlternateSetting       = 0,
  95:Descriptors.c **** 
  96:Descriptors.c **** 			.TotalEndpoints         = 1,
  97:Descriptors.c **** 
  98:Descriptors.c **** 			.Class                  = CDC_CSCP_CDCClass,
  99:Descriptors.c **** 			.SubClass               = CDC_CSCP_ACMSubclass,
 100:Descriptors.c **** 			.Protocol               = CDC_CSCP_ATCommandProtocol,
 101:Descriptors.c **** 
 102:Descriptors.c **** 			.InterfaceStrIndex      = NO_DESCRIPTOR
 103:Descriptors.c **** 		},
 104:Descriptors.c **** 
 105:Descriptors.c **** 	.CDC_Functional_Header =
 106:Descriptors.c **** 		{
 107:Descriptors.c **** 			.Header                 = {.Size = sizeof(USB_CDC_Descriptor_FunctionalHeader_t), .Type = DTYPE_
 108:Descriptors.c **** 			.Subtype                = CDC_DSUBTYPE_CSInterface_Header,
 109:Descriptors.c **** 
 110:Descriptors.c **** 			.CDCSpecification       = VERSION_BCD(1,1,0),
 111:Descriptors.c **** 		},
 112:Descriptors.c **** 
 113:Descriptors.c **** 	.CDC_Functional_ACM =
 114:Descriptors.c **** 		{
 115:Descriptors.c **** 			.Header                 = {.Size = sizeof(USB_CDC_Descriptor_FunctionalACM_t), .Type = DTYPE_CSI
 116:Descriptors.c **** 			.Subtype                = CDC_DSUBTYPE_CSInterface_ACM,
 117:Descriptors.c **** 
 118:Descriptors.c **** 			.Capabilities           = 0x06,
 119:Descriptors.c **** 		},
 120:Descriptors.c **** 
 121:Descriptors.c **** 	.CDC_Functional_Union =
 122:Descriptors.c **** 		{
 123:Descriptors.c **** 			.Header                 = {.Size = sizeof(USB_CDC_Descriptor_FunctionalUnion_t), .Type = DTYPE_C
 124:Descriptors.c **** 			.Subtype                = CDC_DSUBTYPE_CSInterface_Union,
 125:Descriptors.c **** 
 126:Descriptors.c **** 			.MasterInterfaceNumber  = INTERFACE_ID_CDC_CCI,
 127:Descriptors.c **** 			.SlaveInterfaceNumber   = INTERFACE_ID_CDC_DCI,
 128:Descriptors.c **** 		},
 129:Descriptors.c **** 
 130:Descriptors.c **** 	.CDC_NotificationEndpoint =
 131:Descriptors.c **** 		{
 132:Descriptors.c **** 			.Header                 = {.Size = sizeof(USB_Descriptor_Endpoint_t), .Type = DTYPE_Endpoint},
 133:Descriptors.c **** 
 134:Descriptors.c **** 			.EndpointAddress        = CDC_NOTIFICATION_EPADDR,
 135:Descriptors.c **** 			.Attributes             = (EP_TYPE_INTERRUPT | ENDPOINT_ATTR_NO_SYNC | ENDPOINT_USAGE_DATA),
 136:Descriptors.c **** 			.EndpointSize           = CDC_NOTIFICATION_EPSIZE,
 137:Descriptors.c **** 			.PollingIntervalMS      = 0xFF
 138:Descriptors.c **** 		},
 139:Descriptors.c **** 
 140:Descriptors.c **** 	.CDC_DCI_Interface =
 141:Descriptors.c **** 		{
 142:Descriptors.c **** 			.Header                 = {.Size = sizeof(USB_Descriptor_Interface_t), .Type = DTYPE_Interface},
 143:Descriptors.c **** 
 144:Descriptors.c **** 			.InterfaceNumber        = INTERFACE_ID_CDC_DCI,
 145:Descriptors.c **** 			.AlternateSetting       = 0,
 146:Descriptors.c **** 
 147:Descriptors.c **** 			.TotalEndpoints         = 2,
 148:Descriptors.c **** 
 149:Descriptors.c **** 			.Class                  = CDC_CSCP_CDCDataClass,
 150:Descriptors.c **** 			.SubClass               = CDC_CSCP_NoDataSubclass,
 151:Descriptors.c **** 			.Protocol               = CDC_CSCP_NoDataProtocol,
 152:Descriptors.c **** 
 153:Descriptors.c **** 			.InterfaceStrIndex      = NO_DESCRIPTOR
 154:Descriptors.c **** 		},
 155:Descriptors.c **** 
 156:Descriptors.c **** 	.CDC_DataOutEndpoint =
 157:Descriptors.c **** 		{
 158:Descriptors.c **** 			.Header                 = {.Size = sizeof(USB_Descriptor_Endpoint_t), .Type = DTYPE_Endpoint},
 159:Descriptors.c **** 
 160:Descriptors.c **** 			.EndpointAddress        = CDC_RX_EPADDR,
 161:Descriptors.c **** 			.Attributes             = (EP_TYPE_BULK | ENDPOINT_ATTR_NO_SYNC | ENDPOINT_USAGE_DATA),
 162:Descriptors.c **** 			.EndpointSize           = CDC_TXRX_EPSIZE,
 163:Descriptors.c **** 			.PollingIntervalMS      = 0x05
 164:Descriptors.c **** 		},
 165:Descriptors.c **** 
 166:Descriptors.c **** 	.CDC_DataInEndpoint =
 167:Descriptors.c **** 		{
 168:Descriptors.c **** 			.Header                 = {.Size = sizeof(USB_Descriptor_Endpoint_t), .Type = DTYPE_Endpoint},
 169:Descriptors.c **** 
 170:Descriptors.c **** 			.EndpointAddress        = CDC_TX_EPADDR,
 171:Descriptors.c **** 			.Attributes             = (EP_TYPE_BULK | ENDPOINT_ATTR_NO_SYNC | ENDPOINT_USAGE_DATA),
 172:Descriptors.c **** 			.EndpointSize           = CDC_TXRX_EPSIZE,
 173:Descriptors.c **** 			.PollingIntervalMS      = 0x05
 174:Descriptors.c **** 		}
 175:Descriptors.c **** };
 176:Descriptors.c **** 
 177:Descriptors.c **** /** Language descriptor structure. This descriptor, located in FLASH memory, is returned when the h
 178:Descriptors.c ****  *  the string descriptor with index 0 (the first index). It is actually an array of 16-bit integer
 179:Descriptors.c ****  *  via the language ID table available at USB.org what languages the device supports for its strin
 180:Descriptors.c ****  */
 181:Descriptors.c **** const USB_Descriptor_String_t LanguageString = USB_STRING_DESCRIPTOR_ARRAY(LANGUAGE_ID_ENG);
 182:Descriptors.c **** 
 183:Descriptors.c **** /** Manufacturer descriptor string. This is a Unicode string containing the manufacturer's details 
 184:Descriptors.c ****  *  form, and is read out upon request by the host when the appropriate string ID is requested, lis
 185:Descriptors.c ****  *  Descriptor.
 186:Descriptors.c ****  */
 187:Descriptors.c **** const USB_Descriptor_String_t ManufacturerString = USB_STRING_DESCRIPTOR(L"Infineon Technologies");
 188:Descriptors.c **** 
 189:Descriptors.c **** 
 190:Descriptors.c **** /** Product descriptor string. This is a Unicode string containing the product's details in human r
 191:Descriptors.c ****  *  and is read out upon request by the host when the appropriate string ID is requested, listed in
 192:Descriptors.c ****  *  Descriptor.
 193:Descriptors.c ****  */
 194:Descriptors.c **** const USB_Descriptor_String_t ProductString = USB_STRING_DESCRIPTOR(L"IFX CDC");
 195:Descriptors.c **** 
 196:Descriptors.c **** /** This function is called by the library when in device mode, and must be overridden (see library
 197:Descriptors.c ****  *  documentation) by the application code so that the address and size of a requested descriptor c
 198:Descriptors.c ****  *  to the USB library. When the device receives a Get Descriptor request on the control endpoint, 
 199:Descriptors.c ****  *  is called so that the descriptor details can be passed back and the appropriate descriptor sent
 200:Descriptors.c ****  *  USB host.
 201:Descriptors.c ****  */
 202:Descriptors.c **** uint16_t CALLBACK_USB_GetDescriptor(const uint16_t wValue,
 203:Descriptors.c ****                                     const uint8_t wIndex,
 204:Descriptors.c ****                                     const void** const DescriptorAddress)
 205:Descriptors.c **** {
 141              		.loc 1 205 1
 142              		.cfi_startproc
 143              		@ args = 0, pretend = 0, frame = 16
 144              		@ frame_needed = 1, uses_anonymous_args = 0
 145              		@ link register save eliminated.
 146 0000 80B4     		push	{r7}
 147              	.LCFI0:
 148              		.cfi_def_cfa_offset 4
 149              		.cfi_offset 7, -4
 150 0002 85B0     		sub	sp, sp, #20
 151              	.LCFI1:
 152              		.cfi_def_cfa_offset 24
 153 0004 00AF     		add	r7, sp, #0
 154              	.LCFI2:
 155              		.cfi_def_cfa_register 7
 156 0006 0346     		mov	r3, r0
 157 0008 3A60     		str	r2, [r7]
 158 000a FB80     		strh	r3, [r7, #6]	@ movhi
 159 000c 0B46     		mov	r3, r1
 160 000e 7B71     		strb	r3, [r7, #5]
 206:Descriptors.c **** 	const uint8_t  DescriptorType   = (wValue >> 8);
 161              		.loc 1 206 17
 162 0010 FB88     		ldrh	r3, [r7, #6]
 163 0012 1B0A     		lsrs	r3, r3, #8
 164 0014 9BB2     		uxth	r3, r3
 165 0016 7B72     		strb	r3, [r7, #9]
 207:Descriptors.c **** 	const uint8_t  DescriptorNumber = (wValue & 0xFF);
 166              		.loc 1 207 17
 167 0018 FB88     		ldrh	r3, [r7, #6]	@ movhi
 168 001a 3B72     		strb	r3, [r7, #8]
 208:Descriptors.c **** 
 209:Descriptors.c **** 	const void* Address = NULL;
 169              		.loc 1 209 14
 170 001c 0023     		movs	r3, #0
 171 001e FB60     		str	r3, [r7, #12]
 210:Descriptors.c **** 	uint16_t    Size    = NO_DESCRIPTOR;
 172              		.loc 1 210 14
 173 0020 0023     		movs	r3, #0
 174 0022 7B81     		strh	r3, [r7, #10]	@ movhi
 211:Descriptors.c **** 
 212:Descriptors.c **** 	switch (DescriptorType)
 175              		.loc 1 212 2
 176 0024 7B7A     		ldrb	r3, [r7, #9]	@ zero_extendqisi2
 177 0026 032B     		cmp	r3, #3
 178 0028 10D0     		beq	.L2
 179 002a 032B     		cmp	r3, #3
 180 002c 28DC     		bgt	.L3
 181 002e 012B     		cmp	r3, #1
 182 0030 02D0     		beq	.L4
 183 0032 022B     		cmp	r3, #2
 184 0034 05D0     		beq	.L5
 185 0036 23E0     		b	.L3
 186              	.L4:
 213:Descriptors.c **** 	{
 214:Descriptors.c **** 		case DTYPE_Device:
 215:Descriptors.c **** 			Address = &DeviceDescriptor;
 187              		.loc 1 215 12
 188 0038 164B     		ldr	r3, .L12
 189 003a FB60     		str	r3, [r7, #12]
 216:Descriptors.c **** 			Size    = sizeof(USB_Descriptor_Device_t);
 190              		.loc 1 216 12
 191 003c 1223     		movs	r3, #18
 192 003e 7B81     		strh	r3, [r7, #10]	@ movhi
 217:Descriptors.c **** 			break;
 193              		.loc 1 217 4
 194 0040 1EE0     		b	.L3
 195              	.L5:
 218:Descriptors.c **** 		case DTYPE_Configuration:
 219:Descriptors.c **** 			Address = &ConfigurationDescriptor;
 196              		.loc 1 219 12
 197 0042 154B     		ldr	r3, .L12+4
 198 0044 FB60     		str	r3, [r7, #12]
 220:Descriptors.c **** 			Size    = sizeof(USB_Descriptor_Configuration_t);
 199              		.loc 1 220 12
 200 0046 3E23     		movs	r3, #62
 201 0048 7B81     		strh	r3, [r7, #10]	@ movhi
 221:Descriptors.c **** 			break;
 202              		.loc 1 221 4
 203 004a 19E0     		b	.L3
 204              	.L2:
 222:Descriptors.c **** 		case DTYPE_String:
 223:Descriptors.c **** 			switch (DescriptorNumber)
 205              		.loc 1 223 4
 206 004c 3B7A     		ldrb	r3, [r7, #8]	@ zero_extendqisi2
 207 004e 022B     		cmp	r3, #2
 208 0050 10D0     		beq	.L6
 209 0052 022B     		cmp	r3, #2
 210 0054 13DC     		bgt	.L11
 211 0056 002B     		cmp	r3, #0
 212 0058 02D0     		beq	.L8
 213 005a 012B     		cmp	r3, #1
 214 005c 05D0     		beq	.L9
 224:Descriptors.c **** 			{
 225:Descriptors.c **** 				case STRING_ID_Language:
 226:Descriptors.c **** 					Address = &LanguageString;
 227:Descriptors.c **** 					Size    = LanguageString.Header.Size;
 228:Descriptors.c **** 					break;
 229:Descriptors.c **** 				case STRING_ID_Manufacturer:
 230:Descriptors.c **** 					Address = &ManufacturerString;
 231:Descriptors.c **** 					Size    = ManufacturerString.Header.Size;
 232:Descriptors.c **** 					break;
 233:Descriptors.c **** 				case STRING_ID_Product:
 234:Descriptors.c **** 					Address = &ProductString;
 235:Descriptors.c **** 					Size    = ProductString.Header.Size;
 236:Descriptors.c **** 					break;
 237:Descriptors.c **** 			}
 238:Descriptors.c **** 			break;
 215              		.loc 1 238 4
 216 005e 0EE0     		b	.L11
 217              	.L8:
 226:Descriptors.c **** 					Size    = LanguageString.Header.Size;
 218              		.loc 1 226 14
 219 0060 0E4B     		ldr	r3, .L12+8
 220 0062 FB60     		str	r3, [r7, #12]
 227:Descriptors.c **** 					break;
 221              		.loc 1 227 37
 222 0064 0423     		movs	r3, #4
 227:Descriptors.c **** 					break;
 223              		.loc 1 227 14
 224 0066 7B81     		strh	r3, [r7, #10]	@ movhi
 228:Descriptors.c **** 				case STRING_ID_Manufacturer:
 225              		.loc 1 228 6
 226 0068 09E0     		b	.L7
 227              	.L9:
 230:Descriptors.c **** 					Size    = ManufacturerString.Header.Size;
 228              		.loc 1 230 14
 229 006a 0D4B     		ldr	r3, .L12+12
 230 006c FB60     		str	r3, [r7, #12]
 231:Descriptors.c **** 					break;
 231              		.loc 1 231 41
 232 006e 5823     		movs	r3, #88
 231:Descriptors.c **** 					break;
 233              		.loc 1 231 14
 234 0070 7B81     		strh	r3, [r7, #10]	@ movhi
 232:Descriptors.c **** 				case STRING_ID_Product:
 235              		.loc 1 232 6
 236 0072 04E0     		b	.L7
 237              	.L6:
 234:Descriptors.c **** 					Size    = ProductString.Header.Size;
 238              		.loc 1 234 14
 239 0074 0B4B     		ldr	r3, .L12+16
 240 0076 FB60     		str	r3, [r7, #12]
 235:Descriptors.c **** 					break;
 241              		.loc 1 235 36
 242 0078 2023     		movs	r3, #32
 235:Descriptors.c **** 					break;
 243              		.loc 1 235 14
 244 007a 7B81     		strh	r3, [r7, #10]	@ movhi
 236:Descriptors.c **** 			}
 245              		.loc 1 236 6
 246 007c 00BF     		nop
 247              	.L7:
 248              	.L11:
 249              		.loc 1 238 4
 250 007e 00BF     		nop
 251              	.L3:
 239:Descriptors.c **** 	}
 240:Descriptors.c **** 
 241:Descriptors.c **** 	*DescriptorAddress = Address;
 252              		.loc 1 241 21
 253 0080 3B68     		ldr	r3, [r7]
 254 0082 FA68     		ldr	r2, [r7, #12]
 255 0084 1A60     		str	r2, [r3]
 242:Descriptors.c **** 	return Size;
 256              		.loc 1 242 9
 257 0086 7B89     		ldrh	r3, [r7, #10]
 243:Descriptors.c **** }
 258              		.loc 1 243 1
 259 0088 1846     		mov	r0, r3
 260 008a 1437     		adds	r7, r7, #20
 261              	.LCFI3:
 262              		.cfi_def_cfa_offset 4
 263 008c BD46     		mov	sp, r7
 264              	.LCFI4:
 265              		.cfi_def_cfa_register 13
 266              		@ sp needed
 267 008e 5DF8047B 		ldr	r7, [sp], #4
 268              	.LCFI5:
 269              		.cfi_restore 7
 270              		.cfi_def_cfa_offset 0
 271 0092 7047     		bx	lr
 272              	.L13:
 273              		.align	2
 274              	.L12:
 275 0094 00000000 		.word	DeviceDescriptor
 276 0098 00000000 		.word	ConfigurationDescriptor
 277 009c 00000000 		.word	LanguageString
 278 00a0 00000000 		.word	ManufacturerString
 279 00a4 00000000 		.word	ProductString
 280              		.cfi_endproc
 281              	.LFE193:
 283              		.text
 284              	.Letext0:
 285              		.file 2 "/usr/share/gcc-arm-none-eabi-10.3-2021.10/arm-none-eabi/include/machine/_default_types.h"
 286              		.file 3 "/usr/share/gcc-arm-none-eabi-10.3-2021.10/arm-none-eabi/include/sys/_stdint.h"
 287              		.file 4 "/usr/share/gcc-arm-none-eabi-10.3-2021.10/lib/gcc/arm-none-eabi/10.3.1/include/stddef.h"
 288              		.file 5 "/opt/XMClib/XMC_Peripheral_Library_v2.1.16/ThirdPartyLibraries/USBlib/USB/Core/XMC4000/..
 289              		.file 6 "/opt/XMClib/XMC_Peripheral_Library_v2.1.16/ThirdPartyLibraries/USBlib/USB/Class/Device/..
 290              		.file 7 "Descriptors.h"
DEFINED SYMBOLS
                            *ABS*:0000000000000000 Descriptors.c
     /tmp/ccmIxEJz.s:23     .rodata:0000000000000000 DeviceDescriptor
     /tmp/ccmIxEJz.s:20     .rodata:0000000000000000 $d
     /tmp/ccmIxEJz.s:42     .rodata:0000000000000014 ConfigurationDescriptor
     /tmp/ccmIxEJz.s:104    .rodata:0000000000000054 LanguageString
     /tmp/ccmIxEJz.s:112    .rodata:000000000000005c ManufacturerString
     /tmp/ccmIxEJz.s:125    .rodata:00000000000000b8 ProductString
     /tmp/ccmIxEJz.s:132    .text.CALLBACK_USB_GetDescriptor:0000000000000000 $t
     /tmp/ccmIxEJz.s:138    .text.CALLBACK_USB_GetDescriptor:0000000000000000 CALLBACK_USB_GetDescriptor
     /tmp/ccmIxEJz.s:275    .text.CALLBACK_USB_GetDescriptor:0000000000000094 $d
                           .group:0000000000000000 wm4.0.467689a90594456bf46c01d2d8793c7f
                           .group:0000000000000000 wm4.USB.h.376.cfdb9ecb25c70fec676f585dede264a7
                           .group:0000000000000000 wm4.Common.h.60.c2f00e237f5994003db83c2422602b22
                           .group:0000000000000000 wm4._newlib_version.h.4.bfdf54b0af045d4a71376ae00f63a22c
                           .group:0000000000000000 wm4.features.h.33.5bd1eea2d80518b50f7af0b5ce6750e0
                           .group:0000000000000000 wm4._default_types.h.15.247e5cd201eca3442cbf5404108c4935
                           .group:0000000000000000 wm4._intsup.h.10.48bafbb683905c4daa4565a85aeeb264
                           .group:0000000000000000 wm4._stdint.h.10.c24fa3af3bc1706662bb5593a907e841
                           .group:0000000000000000 wm4.stdint.h.23.d53047a68f4a85177f80b422d52785ed
                           .group:0000000000000000 wm4.stdbool.h.29.07dce69c3b78884144b7f7bd19483461
                           .group:0000000000000000 wm4.newlib.h.8.7cb3972cd43265932d4782d5eb589854
                           .group:0000000000000000 wm4.ieeefp.h.77.c88535c35f465c05b101960cf0179075
                           .group:0000000000000000 wm4.config.h.224.c701144a7b0518c6ee9b9b5465b79f81
                           .group:0000000000000000 wm4._ansi.h.31.de524f58584151836e90d8620a16f8e8
                           .group:0000000000000000 wm4.stddef.h.39.27677723d43e5b5a7afdf8d798429f1d
                           .group:0000000000000000 wm4._types.h.20.dd0d04dca3800a0d2a6129b87f3adbb2
                           .group:0000000000000000 wm4.stddef.h.155.3588ebfdd1e8c7ede80509bb9c3b8009
                           .group:0000000000000000 wm4._types.h.127.34941de1b2539d59d5cac00e0dd27a45
                           .group:0000000000000000 wm4.reent.h.17.e292bf8b0bec6c96e131a54347145a30
                           .group:0000000000000000 wm4.lock.h.2.1461d1fff82dffe8bfddc23307f6484f
                           .group:0000000000000000 wm4.reent.h.77.dcd6129ff07fe81bd5636db29abe53b2
                           .group:0000000000000000 wm4.cdefs.h.49.a54b2d5c07711bc7320a3fea9f12cb56
                           .group:0000000000000000 wm4.string.h.15.dab3980bf35408a4c507182805e2de3a
                           .group:0000000000000000 wm4.stddef.h.155.ba788add86a0e365f264484f110c3c29
                           .group:0000000000000000 wm4.BoardTypes.h.52.ca64813ccee737bcc2115eab5e075fdb
                           .group:0000000000000000 wm4.CompilerSpecific.h.55.4a5e5ff77cd35e49c89cf2115251aee0
                           .group:0000000000000000 wm4.Attributes.h.56.73b3ee26b0836c2dec569a5fa6f1b355
                           .group:0000000000000000 wm4.xmc_device.h.61.ba2d082e12f51240746cffdd60d42b81
                           .group:0000000000000000 wm4.XMC4500.h.55.9aa45b9b5790506b2dcb963e4e7adeaf
                           .group:0000000000000000 wm4.core_cm4.h.32.6c6eb1c8daeca23ce7ba79c8e8120d52
                           .group:0000000000000000 wm4.cmsis_gcc.h.26.91b63349961c35637933e4fba51b867b
                           .group:0000000000000000 wm4.core_cm4.h.172.fdd5a388a160bb6ff767b7d7ee212268
                           .group:0000000000000000 wm4.system_XMC4500.h.42.99124977c10ca8844a71949adbeabd70
                           .group:0000000000000000 wm4.XMC4500.h.208.b340195df97f067735c4c769ba59985a
                           .group:0000000000000000 wm4.xmc_device.h.1460.8860499b404961ffcfbb8d1fefcb2146
                           .group:0000000000000000 wm4.xmc_common.h.92.3f4336a80569affab05a81145b87c2fc
                           .group:0000000000000000 wm4.Endianness.h.57.3ac00c5468f4b91b806a0e6dba047e9c
                           .group:0000000000000000 wm4.Common.h.105.4b937a9cc9dcdb26c3f07541b0b763a8
                           .group:0000000000000000 wm4.USBController.h.49.cbfc73805155b6fff6267400af3f4eec
                           .group:0000000000000000 wm4.stdlib.h.13.4ed386f5c1a80d71e72172885d946ef2
                           .group:0000000000000000 wm4.alloca.h.8.dfc0c703c47ec3e69746825b17d9e66d
                           .group:0000000000000000 wm4.stdlib.h.56.f4862cfbf4363a1db01842d5bdf72c18
                           .group:0000000000000000 wm4.xmc_usbd_regs.h.80.57c6c85fa0ecbc9f8327ce445aebb9bc
                           .group:0000000000000000 wm4.xmc4_scu.h.83.0449f5880ac071460ec1a8072311ea51
                           .group:0000000000000000 wm4.xmc_usbd.h.122.ce57a9e6a9da48ee33ece02813c49593
                           .group:0000000000000000 wm4.USBController_XMC4000.h.71.902f2653e09cb8b25245faa82cc6b907
                           .group:0000000000000000 wm4.StdDescriptors.h.73.7d17e8be7a73b855fc0f8827303b7597
                           .group:0000000000000000 wm4.Endpoint.h.73.3734de3e84ab23fb43d81f41fba620ec
                           .group:0000000000000000 wm4.Device_XMC4000.h.86.6803bdd99d84e764a570256c87a24d0a
                           .group:0000000000000000 wm4.StdRequestType.h.50.461dce94a3ee1fa9ff31ec5f28bd9699
                           .group:0000000000000000 wm4.ConfigDescriptors.h.51.0d67ebf453774188abf5a503ba8f6735
                           .group:0000000000000000 wm4.CDCClass.h.61.0d41ba255f7ce6f076fd610d8396dd1f
                           .group:0000000000000000 wm4.CDCClassCommon.h.72.14ca578d8547e19a8a0c0d2d328483bd
                           .group:0000000000000000 wm4.stdio.h.27.3fc80220048df77954e38daec3bb9670
                           .group:0000000000000000 wm4.stdarg.h.34.3a23a216c0c293b3d2ea2e89281481e6
                           .group:0000000000000000 wm4.types.h.40.8b6acba56cefbb11746718204edc8f5e
                           .group:0000000000000000 wm4._endian.h.31.65a10590763c3dde1ac4a7f66d7d4891
                           .group:0000000000000000 wm4.endian.h.9.49f3a4695c1b61e8a0808de3c4a106cb
                           .group:0000000000000000 wm4._timeval.h.32.bec3221fa7a9bb0bdde696c9c57e47d2
                           .group:0000000000000000 wm4.timespec.h.41.d855182eb0e690443ab8651bcedca6e1
                           .group:0000000000000000 wm4.select.h.19.40cd3f2bfc456b193b790c2754690ebf
                           .group:0000000000000000 wm4.types.h.51.5571ec98f267d17d3c670b7a3ba33afa
                           .group:0000000000000000 wm4.sched.h.22.c60982713a5c428609783c78f9c78d95
                           .group:0000000000000000 wm4._pthreadtypes.h.36.fcee9961c35163dde6267ef772ad1972
                           .group:0000000000000000 wm4.stdio.h.2.4aa87247282eca6c8f36f9de33d8df1a
                           .group:0000000000000000 wm4.stdio.h.81.932d0c162786b883f622b8d05c120c78
                           .group:0000000000000000 wm4.HIDClass.h.62.6bb32c59177b21a83b8e65c5a1b0a615
                           .group:0000000000000000 wm4.HIDReportData.h.47.f13f4956396e0bec70835fe634fcc24d
                           .group:0000000000000000 wm4.HIDParser.h.88.4b86fe94cb8d01713592cdd0391b606b
                           .group:0000000000000000 wm4.HIDClassCommon.h.71.a60cdf9d7cd69289f43dde215b509193
                           .group:0000000000000000 wm4.MassStorageClass.h.61.e9235f3bd090b77f36343f082ef93107
                           .group:0000000000000000 wm4.MassStorageClassCommon.h.51.6aefecf288eb3c3c6c9bde61e26dd765
                           .group:0000000000000000 wm4.Descriptors.h.44.84a4fd312957d0d42fb6aaa001850ba4

NO UNDEFINED SYMBOLS
