   1              		.cpu cortex-m4
   2              		.arch armv7e-m
   3              		.fpu fpv4-sp-d16
   4              		.eabi_attribute 27, 1
   5              		.eabi_attribute 20, 1
   6              		.eabi_attribute 21, 1
   7              		.eabi_attribute 23, 3
   8              		.eabi_attribute 24, 1
   9              		.eabi_attribute 25, 1
  10              		.eabi_attribute 26, 1
  11              		.eabi_attribute 30, 6
  12              		.eabi_attribute 34, 1
  13              		.eabi_attribute 18, 4
  14              		.file	"get_uid.c"
  15              		.text
  16              	.Ltext0:
  17              		.cfi_sections	.debug_frame
  18              		.section	.text.main,"ax",%progbits
  19              		.align	1
  20              		.global	main
  21              		.syntax unified
  22              		.thumb
  23              		.thumb_func
  25              	main:
  26              	.LFB128:
  27              		.file 1 "get_uid.c"
   1:get_uid.c     **** #include <xmc_common.h>
   2:get_uid.c     **** 
   3:get_uid.c     **** //dimming.c
   4:get_uid.c     **** int main(void) {
  28              		.loc 1 4 16
  29              		.cfi_startproc
  30              		@ args = 0, pretend = 0, frame = 72
  31              		@ frame_needed = 1, uses_anonymous_args = 0
  32 0000 80B5     		push	{r7, lr}
  33              	.LCFI0:
  34              		.cfi_def_cfa_offset 8
  35              		.cfi_offset 7, -8
  36              		.cfi_offset 14, -4
  37 0002 92B0     		sub	sp, sp, #72
  38              	.LCFI1:
  39              		.cfi_def_cfa_offset 80
  40 0004 00AF     		add	r7, sp, #0
  41              	.LCFI2:
  42              		.cfi_def_cfa_register 7
   5:get_uid.c     **** 
   6:get_uid.c     **** 
   7:get_uid.c     **** g_chipid;
   8:get_uid.c     **** 
   9:get_uid.c     **** //uint32_t *UCIDptr;
  10:get_uid.c     **** uint32_t UniqueChipID[16] = {0,0,0,0,0,0,0,0,0,0,0,0,0,0,0,0};
  43              		.loc 1 10 10
  44 0006 3B1D     		adds	r3, r7, #4
  45 0008 4022     		movs	r2, #64
  46 000a 0021     		movs	r1, #0
  47 000c 1846     		mov	r0, r3
  48 000e FFF7FEFF 		bl	memset
  11:get_uid.c     **** uint32_t Count;
  12:get_uid.c     **** 
  13:get_uid.c     **** //UCIDptr = SCU_GENERAL->IDCHIP;//0x50004004
  14:get_uid.c     **** // UCIDptr = 0x20000000;
  15:get_uid.c     ****   
  16:get_uid.c     ****   // initCCU4();
  17:get_uid.c     ****   for(Count=0; Count < 16; Count++)
  49              		.loc 1 17 12
  50 0012 0023     		movs	r3, #0
  51 0014 7B64     		str	r3, [r7, #68]
  52              		.loc 1 17 3
  53 0016 0DE0     		b	.L2
  54              	.L3:
  18:get_uid.c     **** {
  19:get_uid.c     **** UniqueChipID[Count] = g_chipid[Count];
  55              		.loc 1 19 31 discriminator 3
  56 0018 084A     		ldr	r2, .L5
  57 001a 7B6C     		ldr	r3, [r7, #68]
  58 001c 1344     		add	r3, r3, r2
  59 001e 1B78     		ldrb	r3, [r3]	@ zero_extendqisi2
  60 0020 1A46     		mov	r2, r3
  61              		.loc 1 19 21 discriminator 3
  62 0022 7B6C     		ldr	r3, [r7, #68]
  63 0024 9B00     		lsls	r3, r3, #2
  64 0026 4833     		adds	r3, r3, #72
  65 0028 3B44     		add	r3, r3, r7
  66 002a 43F8442C 		str	r2, [r3, #-68]
  17:get_uid.c     **** {
  67              		.loc 1 17 33 discriminator 3
  68 002e 7B6C     		ldr	r3, [r7, #68]
  69 0030 0133     		adds	r3, r3, #1
  70 0032 7B64     		str	r3, [r7, #68]
  71              	.L2:
  17:get_uid.c     **** {
  72              		.loc 1 17 3 discriminator 1
  73 0034 7B6C     		ldr	r3, [r7, #68]
  74 0036 0F2B     		cmp	r3, #15
  75 0038 EED9     		bls	.L3
  76              	.L4:
  20:get_uid.c     **** //UCIDptr++;
  21:get_uid.c     **** }
  22:get_uid.c     **** 
  23:get_uid.c     ****   while(1);
  77              		.loc 1 23 8 discriminator 1
  78 003a FEE7     		b	.L4
  79              	.L6:
  80              		.align	2
  81              	.L5:
  82 003c 00000000 		.word	g_chipid
  83              		.cfi_endproc
  84              	.LFE128:
  86              		.text
  87              	.Letext0:
  88              		.file 2 "/usr/share/gcc-arm-none-eabi-10.3-2021.10/arm-none-eabi/include/machine/_default_types.h"
  89              		.file 3 "/usr/share/gcc-arm-none-eabi-10.3-2021.10/arm-none-eabi/include/sys/_stdint.h"
  90              		.file 4 "/opt/XMClib/XMC_Peripheral_Library_v2.1.16/CMSIS/Infineon/XMC4500_series/Include/system_X
DEFINED SYMBOLS
                            *ABS*:0000000000000000 get_uid.c
     /tmp/cczRKwyD.s:19     .text.main:0000000000000000 $t
     /tmp/cczRKwyD.s:25     .text.main:0000000000000000 main
     /tmp/cczRKwyD.s:82     .text.main:000000000000003c $d
                           .group:0000000000000000 wm4.0.467689a90594456bf46c01d2d8793c7f
                           .group:0000000000000000 wm4.stddef.h.39.27677723d43e5b5a7afdf8d798429f1d
                           .group:0000000000000000 wm4._newlib_version.h.4.bfdf54b0af045d4a71376ae00f63a22c
                           .group:0000000000000000 wm4.features.h.33.5bd1eea2d80518b50f7af0b5ce6750e0
                           .group:0000000000000000 wm4._default_types.h.15.247e5cd201eca3442cbf5404108c4935
                           .group:0000000000000000 wm4._intsup.h.10.48bafbb683905c4daa4565a85aeeb264
                           .group:0000000000000000 wm4._stdint.h.10.c24fa3af3bc1706662bb5593a907e841
                           .group:0000000000000000 wm4.stdint.h.23.d53047a68f4a85177f80b422d52785ed
                           .group:0000000000000000 wm4.stdbool.h.29.07dce69c3b78884144b7f7bd19483461
                           .group:0000000000000000 wm4.newlib.h.8.7cb3972cd43265932d4782d5eb589854
                           .group:0000000000000000 wm4.ieeefp.h.77.c88535c35f465c05b101960cf0179075
                           .group:0000000000000000 wm4.config.h.224.c701144a7b0518c6ee9b9b5465b79f81
                           .group:0000000000000000 wm4._ansi.h.31.de524f58584151836e90d8620a16f8e8
                           .group:0000000000000000 wm4._types.h.20.dd0d04dca3800a0d2a6129b87f3adbb2
                           .group:0000000000000000 wm4.stddef.h.155.3588ebfdd1e8c7ede80509bb9c3b8009
                           .group:0000000000000000 wm4._types.h.127.34941de1b2539d59d5cac00e0dd27a45
                           .group:0000000000000000 wm4.reent.h.17.e292bf8b0bec6c96e131a54347145a30
                           .group:0000000000000000 wm4.lock.h.2.1461d1fff82dffe8bfddc23307f6484f
                           .group:0000000000000000 wm4.reent.h.77.dcd6129ff07fe81bd5636db29abe53b2
                           .group:0000000000000000 wm4.cdefs.h.49.a54b2d5c07711bc7320a3fea9f12cb56
                           .group:0000000000000000 wm4.string.h.15.dab3980bf35408a4c507182805e2de3a
                           .group:0000000000000000 wm4.stddef.h.155.ba788add86a0e365f264484f110c3c29
                           .group:0000000000000000 wm4.xmc_device.h.61.ba2d082e12f51240746cffdd60d42b81
                           .group:0000000000000000 wm4.XMC4500.h.55.9aa45b9b5790506b2dcb963e4e7adeaf
                           .group:0000000000000000 wm4.core_cm4.h.32.6c6eb1c8daeca23ce7ba79c8e8120d52
                           .group:0000000000000000 wm4.cmsis_gcc.h.26.91b63349961c35637933e4fba51b867b
                           .group:0000000000000000 wm4.core_cm4.h.172.fdd5a388a160bb6ff767b7d7ee212268
                           .group:0000000000000000 wm4.system_XMC4500.h.42.99124977c10ca8844a71949adbeabd70
                           .group:0000000000000000 wm4.XMC4500.h.208.b340195df97f067735c4c769ba59985a
                           .group:0000000000000000 wm4.xmc_device.h.1460.8860499b404961ffcfbb8d1fefcb2146
                           .group:0000000000000000 wm4.xmc_common.h.92.3f4336a80569affab05a81145b87c2fc

UNDEFINED SYMBOLS
memset
g_chipid
